::1


	User Agent Mozilla/5.0 (Windows NT 10.0; Win64; x64) AppleWebKit/537.36 (KHTML, like Gecko) Chrome/91.0.4472.77 Safari/537.36 Edg/91.0.864.41

	Request URI/wochenplan/speisekomponente/eintragen
Request eingelesen.
Request eingelesen.
::1


	User Agent Mozilla/5.0 (Windows NT 10.0; Win64; x64) AppleWebKit/537.36 (KHTML, like Gecko) Chrome/91.0.4472.77 Safari/537.36 Edg/91.0.864.41

	Request URI/wochenplan/speisekomponente/eintragen
Request eingelesen.
Request eingelesen.
::1


	User Agent Mozilla/5.0 (Windows NT 10.0; Win64; x64) AppleWebKit/537.36 (KHTML, like Gecko) Chrome/91.0.4472.77 Safari/537.36

	Request URI/wochenplan/speise/hauptspeiseEintragen
Request eingelesen.
Request eingelesen.
::1


	User Agent Mozilla/5.0 (Windows NT 10.0; Win64; x64) AppleWebKit/537.36 (KHTML, like Gecko) Chrome/91.0.4472.77 Safari/537.36

	Request URI/wochenplan/speise/hauptspeiseEintragen
Request eingelesen.
Request eingelesen.
