replace into lebensmittel 
					 set 
						bezeichnung = 'Muskatnuss', 
						beschreibung = '', 
						kategorie =	'Gewürz',
						sorte =	'',
						teil =	'Frucht getrocknet',
						herkunft =	'Indien',
						eigenschaft =	'typisch und streng',
						artikelnummer =	'700999';
update lebensmittel set initial_id = 55, parent_id = 55, lebensmittel_hash = SHA1(lebensmittel_id) order by lebensmittel_id desc limit 1;
##########################
replace into speisekomponente 
                set 
				bezeichnung 		= 'Pommes Frites',
				beschreibung 		= '<p>Pommes Frites geschnittene und fritierte Kartoffeln&nbsp;</p>
',
			    speisekategorie_id     = '1'

;
SELECT speisekomponente_id as skid
				FROM  `speisekomponente` 
				ORDER BY eingetragen DESC 
				LIMIT 1;
update speisekomponente 
				    SET `initial_id` = 40, 
					`speisekomponente_hash` = SHA1(40)
					where speisekomponente_id=40;
replace into lm_sk_verbindung 
               		 set 
						lebensmittel_id 		= '1',
						schnittform_id			= '6',
						zubereitungsart_id 		= '7',
						garmethode_id 			= '6',
						menge 					= '150',
						einheit					= 'Gramm',
						speisekomponente_id 	= '40',
						bezeichnung				= '',
						beschreibung			= ''; 
				update lm_sk_verbindung set initial_id=lm_sk_verbindung_id, lm_sk_verbindung_hash=sha1(lm_sk_verbindung_id) order by lm_sk_verbindung_id desc Limit 1;;
replace into lm_sk_verbindung 
               		 set 
						lebensmittel_id 		= '1',
						schnittform_id			= '6',
						zubereitungsart_id 		= '7',
						garmethode_id 			= '6',
						menge 					= '150',
						einheit					= 'Gramm',
						speisekomponente_id 	= '40',
						bezeichnung				= '',
						beschreibung			= ''; 
				update lm_sk_verbindung set initial_id=lm_sk_verbindung_id, lm_sk_verbindung_hash=sha1(lm_sk_verbindung_id) order by lm_sk_verbindung_id desc Limit 1;replace into lm_sk_verbindung 
               		 set 
						lebensmittel_id 		= '41',
						schnittform_id			= '13',
						zubereitungsart_id 		= '10',
						garmethode_id 			= '19',
						menge 					= '5',
						einheit					= 'Gramm',
						speisekomponente_id 	= '40',
						bezeichnung				= '',
						beschreibung			= ''; 
				update lm_sk_verbindung set initial_id=lm_sk_verbindung_id, lm_sk_verbindung_hash=sha1(lm_sk_verbindung_id) order by lm_sk_verbindung_id desc Limit 1;;
replace into lebensmittel 
					 set 
						bezeichnung = 'Letscho', 
						beschreibung = '&lt;p&gt;fertiges Letschon zur Weiterverarbeitung z.B. f&amp;uuml;r Zigeunerso&amp;szlig;e&lt;/p&gt;
', 
						kategorie =	'Soße',
						sorte =	'Letscho',
						teil =	'',
						herkunft =	'D',
						eigenschaft =	'',
						artikelnummer =	'750999';
update lebensmittel set initial_id = lebensmittel_id, lebensmittel_hash = SHA1(lebensmittel_id) order by lebensmittel_id desc limit 1;
replace into lebensmittel 
					 set 
						bezeichnung = 'Paprika', 
						beschreibung = '&lt;p&gt;Gem&amp;uuml;se&lt;/p&gt;
', 
						kategorie =	'Gemüse',
						sorte =	'Spitzpaprika',
						teil =	'Frucht',
						herkunft =	'D oder Ungarn/Spanien',
						eigenschaft =	'',
						artikelnummer =	'300999';
update lebensmittel set initial_id = lebensmittel_id, lebensmittel_hash = SHA1(lebensmittel_id) order by lebensmittel_id desc limit 1;
replace into lebensmittel 
					 set 
						bezeichnung = 'Paprika edelsüß', 
						beschreibung = '', 
						kategorie =	'Gewürze',
						sorte =	'edelsüß',
						teil =	'Frucht',
						herkunft =	'Ungarn',
						eigenschaft =	'gerebelt und getrocknet',
						artikelnummer =	'300999';
update lebensmittel set initial_id = lebensmittel_id, lebensmittel_hash = SHA1(lebensmittel_id) order by lebensmittel_id desc limit 1;
replace into lebensmittel 
					 set 
						bezeichnung = 'Paprika edelsüß', 
						beschreibung = '', 
						kategorie =	'Gewürz',
						sorte =	'edelsüß',
						teil =	'Frucht',
						herkunft =	'Ungarn',
						eigenschaft =	'gerebelt und getrocknet',
						artikelnummer =	'300999';
update lebensmittel set initial_id = 65, parent_id = 65, lebensmittel_hash = SHA1(lebensmittel_id) order by lebensmittel_id desc limit 1;
##########################
replace into speisekomponente 
                set 
				bezeichnung 		= 'Letscho/Zigeunersoße',
				beschreibung 		= '<p>Letscho/Zigeunerso&szlig;e</p>
',
			    speisekategorie_id     = '9'

;
SELECT speisekomponente_id as skid
				FROM  `speisekomponente` 
				ORDER BY eingetragen DESC 
				LIMIT 1;
update speisekomponente 
				    SET `initial_id` = 41, 
					`speisekomponente_hash` = SHA1(41)
					where speisekomponente_id=41;
replace into lm_sk_verbindung 
               		 set 
						lebensmittel_id 		= '63',
						schnittform_id			= '12',
						zubereitungsart_id 		= '2',
						garmethode_id 			= '1',
						menge 					= '100',
						einheit					= 'Gramm',
						speisekomponente_id 	= '41',
						bezeichnung				= '',
						beschreibung			= ''; 
				update lm_sk_verbindung set initial_id=lm_sk_verbindung_id, lm_sk_verbindung_hash=sha1(lm_sk_verbindung_id) order by lm_sk_verbindung_id desc Limit 1;;
replace into lm_sk_verbindung 
               		 set 
						lebensmittel_id 		= '63',
						schnittform_id			= '12',
						zubereitungsart_id 		= '2',
						garmethode_id 			= '1',
						menge 					= '100',
						einheit					= 'Gramm',
						speisekomponente_id 	= '41',
						bezeichnung				= '',
						beschreibung			= ''; 
				update lm_sk_verbindung set initial_id=lm_sk_verbindung_id, lm_sk_verbindung_hash=sha1(lm_sk_verbindung_id) order by lm_sk_verbindung_id desc Limit 1;replace into lm_sk_verbindung 
               		 set 
						lebensmittel_id 		= '64',
						schnittform_id			= '13',
						zubereitungsart_id 		= '10',
						garmethode_id 			= '19',
						menge 					= '50',
						einheit					= 'Gramm',
						speisekomponente_id 	= '41',
						bezeichnung				= '',
						beschreibung			= ''; 
				update lm_sk_verbindung set initial_id=lm_sk_verbindung_id, lm_sk_verbindung_hash=sha1(lm_sk_verbindung_id) order by lm_sk_verbindung_id desc Limit 1;;
replace into lm_sk_verbindung 
               		 set 
						lebensmittel_id 		= '63',
						schnittform_id			= '12',
						zubereitungsart_id 		= '2',
						garmethode_id 			= '1',
						menge 					= '100',
						einheit					= 'Gramm',
						speisekomponente_id 	= '41',
						bezeichnung				= '',
						beschreibung			= ''; 
				update lm_sk_verbindung set initial_id=lm_sk_verbindung_id, lm_sk_verbindung_hash=sha1(lm_sk_verbindung_id) order by lm_sk_verbindung_id desc Limit 1;replace into lm_sk_verbindung 
               		 set 
						lebensmittel_id 		= '64',
						schnittform_id			= '13',
						zubereitungsart_id 		= '10',
						garmethode_id 			= '19',
						menge 					= '50',
						einheit					= 'Gramm',
						speisekomponente_id 	= '41',
						bezeichnung				= '',
						beschreibung			= ''; 
				update lm_sk_verbindung set initial_id=lm_sk_verbindung_id, lm_sk_verbindung_hash=sha1(lm_sk_verbindung_id) order by lm_sk_verbindung_id desc Limit 1;replace into lm_sk_verbindung 
               		 set 
						lebensmittel_id 		= '41',
						schnittform_id			= '13',
						zubereitungsart_id 		= '10',
						garmethode_id 			= '19',
						menge 					= '5',
						einheit					= 'Gramm',
						speisekomponente_id 	= '41',
						bezeichnung				= '',
						beschreibung			= ''; 
				update lm_sk_verbindung set initial_id=lm_sk_verbindung_id, lm_sk_verbindung_hash=sha1(lm_sk_verbindung_id) order by lm_sk_verbindung_id desc Limit 1;;
replace into lm_sk_verbindung 
               		 set 
						lebensmittel_id 		= '63',
						schnittform_id			= '12',
						zubereitungsart_id 		= '2',
						garmethode_id 			= '1',
						menge 					= '100',
						einheit					= 'Gramm',
						speisekomponente_id 	= '41',
						bezeichnung				= '',
						beschreibung			= ''; 
				update lm_sk_verbindung set initial_id=lm_sk_verbindung_id, lm_sk_verbindung_hash=sha1(lm_sk_verbindung_id) order by lm_sk_verbindung_id desc Limit 1;replace into lm_sk_verbindung 
               		 set 
						lebensmittel_id 		= '64',
						schnittform_id			= '13',
						zubereitungsart_id 		= '10',
						garmethode_id 			= '19',
						menge 					= '50',
						einheit					= 'Gramm',
						speisekomponente_id 	= '41',
						bezeichnung				= '',
						beschreibung			= ''; 
				update lm_sk_verbindung set initial_id=lm_sk_verbindung_id, lm_sk_verbindung_hash=sha1(lm_sk_verbindung_id) order by lm_sk_verbindung_id desc Limit 1;replace into lm_sk_verbindung 
               		 set 
						lebensmittel_id 		= '41',
						schnittform_id			= '13',
						zubereitungsart_id 		= '10',
						garmethode_id 			= '19',
						menge 					= '5',
						einheit					= 'Gramm',
						speisekomponente_id 	= '41',
						bezeichnung				= '',
						beschreibung			= ''; 
				update lm_sk_verbindung set initial_id=lm_sk_verbindung_id, lm_sk_verbindung_hash=sha1(lm_sk_verbindung_id) order by lm_sk_verbindung_id desc Limit 1;replace into lm_sk_verbindung 
               		 set 
						lebensmittel_id 		= '27',
						schnittform_id			= '13',
						zubereitungsart_id 		= '10',
						garmethode_id 			= '19',
						menge 					= '30',
						einheit					= 'Gramm',
						speisekomponente_id 	= '41',
						bezeichnung				= '',
						beschreibung			= ''; 
				update lm_sk_verbindung set initial_id=lm_sk_verbindung_id, lm_sk_verbindung_hash=sha1(lm_sk_verbindung_id) order by lm_sk_verbindung_id desc Limit 1;;
update speisebestandteil set initial_id=speisebestandteil_id order by speisebestandteil_id desc Limit 1;;
update speisebestandteil set initial_id=speisebestandteil_id order by speisebestandteil_id desc Limit 1;;
