##########################
select wochenplanspeise_id as wpsid, position as pos, speise_id as spid  from wochenplanspeise where wochenplan_id=1 order by position
;
##########################
select speise_id, bezeichnung, aktiv, loeschbar from speise where speise_id=5 and  aktiv=1 and loeschbar=0;
;
##########################
select speise_id, bezeichnung, aktiv, loeschbar from speise where speise_id=1 and  aktiv=1 and loeschbar=0;
;
##########################
select speise_id, bezeichnung, aktiv, loeschbar from speise where speise_id=2 and  aktiv=1 and loeschbar=0;
;
##########################
select speise_id, bezeichnung, aktiv, loeschbar from speise where speise_id=3 and  aktiv=1 and loeschbar=0;
;
##########################
select speise_id, bezeichnung, aktiv, loeschbar from speise where speise_id=6 and  aktiv=1 and loeschbar=0;
;
##########################
select speise_id, bezeichnung, aktiv, loeschbar from speise where speise_id=7 and  aktiv=1 and loeschbar=0;
;
##########################
select speise_id, bezeichnung, aktiv, loeschbar from speise where speise_id=4 and  aktiv=1 and loeschbar=0;
;
##########################
Set @SPA := 5;
				Set @POA := 1;
				select  @SPD := speise_id ,@POS :=position from wochenplanspeise where wochenplan_id=1 and position = @SPA+1;
				Update wochenplanspeise set position = @POS where wochenplanspeise_id = @SPA;
				Update wochenplanspeise set position = @POA where wochenplanspeise_id = @SPD;
;
##########################
Set @SPA := zeigeAlleSpeiseplaene;
				Set @POA := 0;
				select  @SPD := speise_id ,@POS :=position from wochenplanspeise where wochenplan_id=1 and position = @SPA+1;
				Update wochenplanspeise set position = @POS where wochenplanspeise_id = @SPA;
				Update wochenplanspeise set position = @POA where wochenplanspeise_id = @SPD;
;
##########################
select wochenplanspeise_id as wpsid, position as pos, speise_id as spid  from wochenplanspeise where wochenplan_id=1 order by position
;
##########################
select speise_id, bezeichnung, aktiv, loeschbar from speise where speise_id=7 and  aktiv=1 and loeschbar=0;
;
##########################
select speise_id, bezeichnung, aktiv, loeschbar from speise where speise_id=1 and  aktiv=1 and loeschbar=0;
;
##########################
select speise_id, bezeichnung, aktiv, loeschbar from speise where speise_id=2 and  aktiv=1 and loeschbar=0;
;
##########################
select speise_id, bezeichnung, aktiv, loeschbar from speise where speise_id=3 and  aktiv=1 and loeschbar=0;
;
##########################
select speise_id, bezeichnung, aktiv, loeschbar from speise where speise_id=6 and  aktiv=1 and loeschbar=0;
;
##########################
select speise_id, bezeichnung, aktiv, loeschbar from speise where speise_id=5 and  aktiv=1 and loeschbar=0;
;
##########################
select speise_id, bezeichnung, aktiv, loeschbar from speise where speise_id=4 and  aktiv=1 and loeschbar=0;
;
##########################
Set @SPA := 6;
				Set @POA := 5;
				select  @SPD := speise_id ,@POS :=position from wochenplanspeise where wochenplan_id=1 and position = @SPA-1;
				Update wochenplanspeise set position = @POS where wochenplanspeise_id = @SPA;
				Update wochenplanspeise set position = @POA where wochenplanspeise_id = @SPD;
;
##########################
Set @SPA := zeigeAlleSpeiseplaene;
				Set @POA := 0;
				select  @SPD := speise_id ,@POS :=position from wochenplanspeise where wochenplan_id=1 and position = @SPA-1;
				Update wochenplanspeise set position = @POS where wochenplanspeise_id = @SPA;
				Update wochenplanspeise set position = @POA where wochenplanspeise_id = @SPD;
;
##########################
select wochenplanspeise_id as wpsid, position as pos, speise_id as spid  from wochenplanspeise where wochenplan_id=1 order by position
;
##########################
select speise_id, bezeichnung, aktiv, loeschbar from speise where speise_id=7 and  aktiv=1 and loeschbar=0;
;
##########################
select speise_id, bezeichnung, aktiv, loeschbar from speise where speise_id=1 and  aktiv=1 and loeschbar=0;
;
##########################
select speise_id, bezeichnung, aktiv, loeschbar from speise where speise_id=2 and  aktiv=1 and loeschbar=0;
;
##########################
select speise_id, bezeichnung, aktiv, loeschbar from speise where speise_id=3 and  aktiv=1 and loeschbar=0;
;
##########################
select speise_id, bezeichnung, aktiv, loeschbar from speise where speise_id=6 and  aktiv=1 and loeschbar=0;
;
##########################
select speise_id, bezeichnung, aktiv, loeschbar from speise where speise_id=5 and  aktiv=1 and loeschbar=0;
;
##########################
select speise_id, bezeichnung, aktiv, loeschbar from speise where speise_id=4 and  aktiv=1 and loeschbar=0;
;
##########################
Set @SPA := 6;
				Set @POA := 5;
				select  @SPD := speise_id ,@POS :=position from wochenplanspeise where wochenplan_id=1 and position = @SPA-1;
				Update wochenplanspeise set position = @POS where wochenplanspeise_id = @SPA;
				Update wochenplanspeise set position = @POA where wochenplanspeise_id = @SPD;
;
##########################
Set @SPA := zeigeAlleSpeiseplaene;
				Set @POA := 0;
				select  @SPD := speise_id ,@POS :=position from wochenplanspeise where wochenplan_id=1 and position = @SPA-1;
				Update wochenplanspeise set position = @POS where wochenplanspeise_id = @SPA;
				Update wochenplanspeise set position = @POA where wochenplanspeise_id = @SPD;
;
##########################
select wochenplanspeise_id as wpsid, position as pos, speise_id as spid  from wochenplanspeise where wochenplan_id=1 order by position
;
##########################
select speise_id, bezeichnung, aktiv, loeschbar from speise where speise_id=7 and  aktiv=1 and loeschbar=0;
;
##########################
select speise_id, bezeichnung, aktiv, loeschbar from speise where speise_id=1 and  aktiv=1 and loeschbar=0;
;
##########################
select speise_id, bezeichnung, aktiv, loeschbar from speise where speise_id=2 and  aktiv=1 and loeschbar=0;
;
##########################
select speise_id, bezeichnung, aktiv, loeschbar from speise where speise_id=3 and  aktiv=1 and loeschbar=0;
;
##########################
select speise_id, bezeichnung, aktiv, loeschbar from speise where speise_id=6 and  aktiv=1 and loeschbar=0;
;
##########################
select speise_id, bezeichnung, aktiv, loeschbar from speise where speise_id=5 and  aktiv=1 and loeschbar=0;
;
##########################
select speise_id, bezeichnung, aktiv, loeschbar from speise where speise_id=4 and  aktiv=1 and loeschbar=0;
;
##########################
select wochenplanspeise_id as wpsid, position as pos, speise_id as spid  from wochenplanspeise where wochenplan_id=1 order by position
;
##########################
select speise_id, bezeichnung, aktiv, loeschbar from speise where speise_id=7 and  aktiv=1 and loeschbar=0;
;
##########################
select speise_id, bezeichnung, aktiv, loeschbar from speise where speise_id=1 and  aktiv=1 and loeschbar=0;
;
##########################
select speise_id, bezeichnung, aktiv, loeschbar from speise where speise_id=2 and  aktiv=1 and loeschbar=0;
;
##########################
select speise_id, bezeichnung, aktiv, loeschbar from speise where speise_id=3 and  aktiv=1 and loeschbar=0;
;
##########################
select speise_id, bezeichnung, aktiv, loeschbar from speise where speise_id=6 and  aktiv=1 and loeschbar=0;
;
##########################
select speise_id, bezeichnung, aktiv, loeschbar from speise where speise_id=5 and  aktiv=1 and loeschbar=0;
;
##########################
select speise_id, bezeichnung, aktiv, loeschbar from speise where speise_id=4 and  aktiv=1 and loeschbar=0;
;
##########################
Set @SPA := 4;
				Set @POA := 4;
				select  @SPD := speise_id ,@POS :=position from wochenplanspeise where wochenplan_id=1 and position = @SPA-1;
				Update wochenplanspeise set position = @POS where wochenplanspeise_id = @SPA;
				Update wochenplanspeise set position = @POA where wochenplanspeise_id = @SPD;
;
##########################
Set @SPA := zeigeAlleSpeiseplaene;
				Set @POA := 0;
				select  @SPD := speise_id ,@POS :=position from wochenplanspeise where wochenplan_id=1 and position = @SPA-1;
				Update wochenplanspeise set position = @POS where wochenplanspeise_id = @SPA;
				Update wochenplanspeise set position = @POA where wochenplanspeise_id = @SPD;
;
##########################
select wochenplanspeise_id as wpsid, position as pos, speise_id as spid  from wochenplanspeise where wochenplan_id=1 order by position
;
##########################
select speise_id, bezeichnung, aktiv, loeschbar from speise where speise_id=7 and  aktiv=1 and loeschbar=0;
;
##########################
select speise_id, bezeichnung, aktiv, loeschbar from speise where speise_id=1 and  aktiv=1 and loeschbar=0;
;
##########################
select speise_id, bezeichnung, aktiv, loeschbar from speise where speise_id=4 and  aktiv=1 and loeschbar=0;
;
##########################
select speise_id, bezeichnung, aktiv, loeschbar from speise where speise_id=2 and  aktiv=1 and loeschbar=0;
;
##########################
select speise_id, bezeichnung, aktiv, loeschbar from speise where speise_id=3 and  aktiv=1 and loeschbar=0;
;
##########################
select speise_id, bezeichnung, aktiv, loeschbar from speise where speise_id=6 and  aktiv=1 and loeschbar=0;
;
##########################
select speise_id, bezeichnung, aktiv, loeschbar from speise where speise_id=5 and  aktiv=1 and loeschbar=0;
;
##########################
Set @SPA := 3;
				Set @POA := 3;
				select  @SPD := speise_id ,@POS :=position from wochenplanspeise where wochenplan_id=1 and position = @SPA+1;
				Update wochenplanspeise set position = @POS where wochenplanspeise_id = @SPA;
				Update wochenplanspeise set position = @POA where wochenplanspeise_id = @SPD;
;
##########################
Set @SPA := zeigeAlleSpeiseplaene;
				Set @POA := 0;
				select  @SPD := speise_id ,@POS :=position from wochenplanspeise where wochenplan_id=1 and position = @SPA+1;
				Update wochenplanspeise set position = @POS where wochenplanspeise_id = @SPA;
				Update wochenplanspeise set position = @POA where wochenplanspeise_id = @SPD;
;
##########################
select wochenplanspeise_id as wpsid, position as pos, speise_id as spid  from wochenplanspeise where wochenplan_id=1 order by position
;
##########################
select speise_id, bezeichnung, aktiv, loeschbar from speise where speise_id=7 and  aktiv=1 and loeschbar=0;
;
##########################
select speise_id, bezeichnung, aktiv, loeschbar from speise where speise_id=1 and  aktiv=1 and loeschbar=0;
;
##########################
select speise_id, bezeichnung, aktiv, loeschbar from speise where speise_id=3 and  aktiv=1 and loeschbar=0;
;
##########################
select speise_id, bezeichnung, aktiv, loeschbar from speise where speise_id=4 and  aktiv=1 and loeschbar=0;
;
##########################
select speise_id, bezeichnung, aktiv, loeschbar from speise where speise_id=2 and  aktiv=1 and loeschbar=0;
;
##########################
select speise_id, bezeichnung, aktiv, loeschbar from speise where speise_id=6 and  aktiv=1 and loeschbar=0;
;
##########################
select speise_id, bezeichnung, aktiv, loeschbar from speise where speise_id=5 and  aktiv=1 and loeschbar=0;
;
##########################
Set @SPA := 1;
				Set @POA := 2;
				select  @SPD := speise_id ,@POS :=position from wochenplanspeise where wochenplan_id=1 and position = @SPA+1;
				Update wochenplanspeise set position = @POS where wochenplanspeise_id = @SPA;
				Update wochenplanspeise set position = @POA where wochenplanspeise_id = @SPD;
;
##########################
Set @SPA := zeigeAlleSpeiseplaene;
				Set @POA := 0;
				select  @SPD := speise_id ,@POS :=position from wochenplanspeise where wochenplan_id=1 and position = @SPA+1;
				Update wochenplanspeise set position = @POS where wochenplanspeise_id = @SPA;
				Update wochenplanspeise set position = @POA where wochenplanspeise_id = @SPD;
;
##########################
select wochenplanspeise_id as wpsid, position as pos, speise_id as spid  from wochenplanspeise where wochenplan_id=1 order by position
;
##########################
select speise_id, bezeichnung, aktiv, loeschbar from speise where speise_id=7 and  aktiv=1 and loeschbar=0;
;
##########################
select speise_id, bezeichnung, aktiv, loeschbar from speise where speise_id=1 and  aktiv=1 and loeschbar=0;
;
##########################
select speise_id, bezeichnung, aktiv, loeschbar from speise where speise_id=3 and  aktiv=1 and loeschbar=0;
;
##########################
select speise_id, bezeichnung, aktiv, loeschbar from speise where speise_id=4 and  aktiv=1 and loeschbar=0;
;
##########################
select speise_id, bezeichnung, aktiv, loeschbar from speise where speise_id=2 and  aktiv=1 and loeschbar=0;
;
##########################
select speise_id, bezeichnung, aktiv, loeschbar from speise where speise_id=6 and  aktiv=1 and loeschbar=0;
;
##########################
select speise_id, bezeichnung, aktiv, loeschbar from speise where speise_id=5 and  aktiv=1 and loeschbar=0;
;
##########################
Set @SPA := 1;
				Set @POA := 2;
				select  @SPD := speise_id ,@POS :=position from wochenplanspeise where wochenplan_id=1 and position = @SPA-1;
				Update wochenplanspeise set position = @POS where wochenplanspeise_id = @SPA;
				Update wochenplanspeise set position = @POA where wochenplanspeise_id = @SPD;
;
##########################
Set @SPA := zeigeAlleSpeiseplaene;
				Set @POA := 0;
				select  @SPD := speise_id ,@POS :=position from wochenplanspeise where wochenplan_id=1 and position = @SPA-1;
				Update wochenplanspeise set position = @POS where wochenplanspeise_id = @SPA;
				Update wochenplanspeise set position = @POA where wochenplanspeise_id = @SPD;
;
##########################
select wochenplanspeise_id as wpsid, position as pos, speise_id as spid  from wochenplanspeise where wochenplan_id=1 order by position
;
##########################
select speise_id, bezeichnung, aktiv, loeschbar from speise where speise_id=7 and  aktiv=1 and loeschbar=0;
;
##########################
select speise_id, bezeichnung, aktiv, loeschbar from speise where speise_id=1 and  aktiv=1 and loeschbar=0;
;
##########################
select speise_id, bezeichnung, aktiv, loeschbar from speise where speise_id=3 and  aktiv=1 and loeschbar=0;
;
##########################
select speise_id, bezeichnung, aktiv, loeschbar from speise where speise_id=4 and  aktiv=1 and loeschbar=0;
;
##########################
select speise_id, bezeichnung, aktiv, loeschbar from speise where speise_id=2 and  aktiv=1 and loeschbar=0;
;
##########################
select speise_id, bezeichnung, aktiv, loeschbar from speise where speise_id=6 and  aktiv=1 and loeschbar=0;
;
##########################
select speise_id, bezeichnung, aktiv, loeschbar from speise where speise_id=5 and  aktiv=1 and loeschbar=0;
;
##########################
select wochenplanspeise_id as wpsid, position as pos, speise_id as spid  from wochenplanspeise where wochenplan_id=1 order by position
;
##########################
select speise_id, bezeichnung, aktiv, loeschbar from speise where speise_id=7 and  aktiv=1 and loeschbar=0;
;
##########################
select speise_id, bezeichnung, aktiv, loeschbar from speise where speise_id=1 and  aktiv=1 and loeschbar=0;
;
##########################
select speise_id, bezeichnung, aktiv, loeschbar from speise where speise_id=3 and  aktiv=1 and loeschbar=0;
;
##########################
select speise_id, bezeichnung, aktiv, loeschbar from speise where speise_id=4 and  aktiv=1 and loeschbar=0;
;
##########################
select speise_id, bezeichnung, aktiv, loeschbar from speise where speise_id=2 and  aktiv=1 and loeschbar=0;
;
##########################
select speise_id, bezeichnung, aktiv, loeschbar from speise where speise_id=6 and  aktiv=1 and loeschbar=0;
;
##########################
select speise_id, bezeichnung, aktiv, loeschbar from speise where speise_id=5 and  aktiv=1 and loeschbar=0;
;
##########################
Set @SPA := 3;
				Set @POA := 3;
				select  @SPD := speise_id ,@POS :=position from wochenplanspeise where wochenplan_id=1 and position = @SPA+1;
				Update wochenplanspeise set position = @POS where wochenplanspeise_id = @SPA;
				Update wochenplanspeise set position = @POA where wochenplanspeise_id = @SPD;
;
##########################
select wochenplanspeise_id as wpsid, position as pos, speise_id as spid  from wochenplanspeise where wochenplan_id=1 order by position
;
##########################
select speise_id, bezeichnung, aktiv, loeschbar from speise where speise_id=7 and  aktiv=1 and loeschbar=0;
;
##########################
select speise_id, bezeichnung, aktiv, loeschbar from speise where speise_id=1 and  aktiv=1 and loeschbar=0;
;
##########################
select speise_id, bezeichnung, aktiv, loeschbar from speise where speise_id=2 and  aktiv=1 and loeschbar=0;
;
##########################
select speise_id, bezeichnung, aktiv, loeschbar from speise where speise_id=4 and  aktiv=1 and loeschbar=0;
;
##########################
select speise_id, bezeichnung, aktiv, loeschbar from speise where speise_id=3 and  aktiv=1 and loeschbar=0;
;
##########################
select speise_id, bezeichnung, aktiv, loeschbar from speise where speise_id=6 and  aktiv=1 and loeschbar=0;
;
##########################
select speise_id, bezeichnung, aktiv, loeschbar from speise where speise_id=5 and  aktiv=1 and loeschbar=0;
;
##########################
select wochenplanspeise_id as wpsid, position as pos, speise_id as spid  from wochenplanspeise where wochenplan_id=1 order by position
;
##########################
select speise_id, bezeichnung, aktiv, loeschbar from speise where speise_id=7 and  aktiv=1 and loeschbar=0;
;
##########################
select speise_id, bezeichnung, aktiv, loeschbar from speise where speise_id=1 and  aktiv=1 and loeschbar=0;
;
##########################
select speise_id, bezeichnung, aktiv, loeschbar from speise where speise_id=2 and  aktiv=1 and loeschbar=0;
;
##########################
select speise_id, bezeichnung, aktiv, loeschbar from speise where speise_id=4 and  aktiv=1 and loeschbar=0;
;
##########################
select speise_id, bezeichnung, aktiv, loeschbar from speise where speise_id=3 and  aktiv=1 and loeschbar=0;
;
##########################
select speise_id, bezeichnung, aktiv, loeschbar from speise where speise_id=6 and  aktiv=1 and loeschbar=0;
;
##########################
select speise_id, bezeichnung, aktiv, loeschbar from speise where speise_id=5 and  aktiv=1 and loeschbar=0;
;
##########################
Set @SPA := 4;
				Set @POA := 3;
				select  @SPD := speise_id ,@POS :=position from wochenplanspeise where wochenplan_id=1 and position = @SPA-1;
				Update wochenplanspeise set position = @POS where wochenplanspeise_id = @SPA;
				Update wochenplanspeise set position = @POA where wochenplanspeise_id = @SPD;
;
##########################
select wochenplanspeise_id as wpsid, position as pos, speise_id as spid  from wochenplanspeise where wochenplan_id=1 order by position
;
##########################
select speise_id, bezeichnung, aktiv, loeschbar from speise where speise_id=7 and  aktiv=1 and loeschbar=0;
;
##########################
select speise_id, bezeichnung, aktiv, loeschbar from speise where speise_id=1 and  aktiv=1 and loeschbar=0;
;
##########################
select speise_id, bezeichnung, aktiv, loeschbar from speise where speise_id=2 and  aktiv=1 and loeschbar=0;
;
##########################
select speise_id, bezeichnung, aktiv, loeschbar from speise where speise_id=4 and  aktiv=1 and loeschbar=0;
;
##########################
select speise_id, bezeichnung, aktiv, loeschbar from speise where speise_id=3 and  aktiv=1 and loeschbar=0;
;
##########################
select speise_id, bezeichnung, aktiv, loeschbar from speise where speise_id=6 and  aktiv=1 and loeschbar=0;
;
##########################
select speise_id, bezeichnung, aktiv, loeschbar from speise where speise_id=5 and  aktiv=1 and loeschbar=0;
;
##########################
Set @SPA := 4;
				Set @POA := 3;
				select  @SPD := speise_id ,@POS :=position from wochenplanspeise where wochenplan_id=1 and position = @SPA-1;
				Update wochenplanspeise set position = @POS where wochenplanspeise_id = @SPA;
				Update wochenplanspeise set position = @POA where wochenplanspeise_id = @SPD;
;
##########################
select wochenplanspeise_id as wpsid, position as pos, speise_id as spid  from wochenplanspeise where wochenplan_id=1 order by position
;
##########################
select speise_id, bezeichnung, aktiv, loeschbar from speise where speise_id=7 and  aktiv=1 and loeschbar=0;
;
##########################
select speise_id, bezeichnung, aktiv, loeschbar from speise where speise_id=1 and  aktiv=1 and loeschbar=0;
;
##########################
select speise_id, bezeichnung, aktiv, loeschbar from speise where speise_id=2 and  aktiv=1 and loeschbar=0;
;
##########################
select speise_id, bezeichnung, aktiv, loeschbar from speise where speise_id=4 and  aktiv=1 and loeschbar=0;
;
##########################
select speise_id, bezeichnung, aktiv, loeschbar from speise where speise_id=3 and  aktiv=1 and loeschbar=0;
;
##########################
select speise_id, bezeichnung, aktiv, loeschbar from speise where speise_id=6 and  aktiv=1 and loeschbar=0;
;
##########################
select speise_id, bezeichnung, aktiv, loeschbar from speise where speise_id=5 and  aktiv=1 and loeschbar=0;
;
##########################
Set @SPA := 3;
				Set @POA := 4;
				select  @SPD := speise_id ,@POS :=position from wochenplanspeise where wochenplan_id=1 and position = @SPA-1;
				Update wochenplanspeise set position = @POS where wochenplanspeise_id = @SPA;
				Update wochenplanspeise set position = @POA where wochenplanspeise_id = @SPD;
;
##########################
select wochenplanspeise_id as wpsid, position as pos, speise_id as spid  from wochenplanspeise where wochenplan_id=1 order by position
;
##########################
select speise_id, bezeichnung, aktiv, loeschbar from speise where speise_id=7 and  aktiv=1 and loeschbar=0;
;
##########################
select speise_id, bezeichnung, aktiv, loeschbar from speise where speise_id=3 and  aktiv=1 and loeschbar=0;
;
##########################
select speise_id, bezeichnung, aktiv, loeschbar from speise where speise_id=2 and  aktiv=1 and loeschbar=0;
;
##########################
select speise_id, bezeichnung, aktiv, loeschbar from speise where speise_id=4 and  aktiv=1 and loeschbar=0;
;
##########################
select speise_id, bezeichnung, aktiv, loeschbar from speise where speise_id=1 and  aktiv=1 and loeschbar=0;
;
##########################
select speise_id, bezeichnung, aktiv, loeschbar from speise where speise_id=6 and  aktiv=1 and loeschbar=0;
;
##########################
select speise_id, bezeichnung, aktiv, loeschbar from speise where speise_id=5 and  aktiv=1 and loeschbar=0;
;
##########################
Set @SPA := 3;
				Set @POA := 2;
				select  @SPD := speise_id ,@POS :=position from wochenplanspeise where wochenplan_id=1 and position = @SPA+1;
				Update wochenplanspeise set position = @POS where wochenplanspeise_id = @SPA;
				Update wochenplanspeise set position = @POA where wochenplanspeise_id = @SPD;
;
##########################
select wochenplanspeise_id as wpsid, position as pos, speise_id as spid  from wochenplanspeise where wochenplan_id=1 order by position
;
##########################
select speise_id, bezeichnung, aktiv, loeschbar from speise where speise_id=7 and  aktiv=1 and loeschbar=0;
;
##########################
select speise_id, bezeichnung, aktiv, loeschbar from speise where speise_id=1 and  aktiv=1 and loeschbar=0;
;
##########################
select speise_id, bezeichnung, aktiv, loeschbar from speise where speise_id=2 and  aktiv=1 and loeschbar=0;
;
##########################
select speise_id, bezeichnung, aktiv, loeschbar from speise where speise_id=4 and  aktiv=1 and loeschbar=0;
;
##########################
select speise_id, bezeichnung, aktiv, loeschbar from speise where speise_id=3 and  aktiv=1 and loeschbar=0;
;
##########################
select speise_id, bezeichnung, aktiv, loeschbar from speise where speise_id=6 and  aktiv=1 and loeschbar=0;
;
##########################
select speise_id, bezeichnung, aktiv, loeschbar from speise where speise_id=5 and  aktiv=1 and loeschbar=0;
;
##########################
Set @SPA := 5;
				Set @POA := 6;
				select  @SPD := speise_id ,@POS :=position from wochenplanspeise where wochenplan_id=1 and position = @SPA-1;
				Update wochenplanspeise set position = @POS where wochenplanspeise_id = @SPA;
				Update wochenplanspeise set position = @POA where wochenplanspeise_id = @SPD;
;
##########################
select wochenplanspeise_id as wpsid, position as pos, speise_id as spid  from wochenplanspeise where wochenplan_id=1 order by position
;
##########################
select speise_id, bezeichnung, aktiv, loeschbar from speise where speise_id=7 and  aktiv=1 and loeschbar=0;
;
##########################
select speise_id, bezeichnung, aktiv, loeschbar from speise where speise_id=1 and  aktiv=1 and loeschbar=0;
;
##########################
select speise_id, bezeichnung, aktiv, loeschbar from speise where speise_id=2 and  aktiv=1 and loeschbar=0;
;
##########################
select speise_id, bezeichnung, aktiv, loeschbar from speise where speise_id=4 and  aktiv=1 and loeschbar=0;
;
##########################
select speise_id, bezeichnung, aktiv, loeschbar from speise where speise_id=5 and  aktiv=1 and loeschbar=0;
;
##########################
select speise_id, bezeichnung, aktiv, loeschbar from speise where speise_id=6 and  aktiv=1 and loeschbar=0;
;
##########################
select speise_id, bezeichnung, aktiv, loeschbar from speise where speise_id=3 and  aktiv=1 and loeschbar=0;
;
##########################
Set @SPA := 6;
				Set @POA := 5;
				select  @SPD := speise_id ,@POS :=position from wochenplanspeise where wochenplan_id=1 and position = @SPA-1;
				Update wochenplanspeise set position = @POS where wochenplanspeise_id = @SPA;
				Update wochenplanspeise set position = @POA where wochenplanspeise_id = @SPD;
;
##########################
select wochenplanspeise_id as wpsid, position as pos, speise_id as spid  from wochenplanspeise where wochenplan_id=1 order by position
;
##########################
select speise_id, bezeichnung, aktiv, loeschbar from speise where speise_id=7 and  aktiv=1 and loeschbar=0;
;
##########################
select speise_id, bezeichnung, aktiv, loeschbar from speise where speise_id=1 and  aktiv=1 and loeschbar=0;
;
##########################
select speise_id, bezeichnung, aktiv, loeschbar from speise where speise_id=2 and  aktiv=1 and loeschbar=0;
;
##########################
select speise_id, bezeichnung, aktiv, loeschbar from speise where speise_id=4 and  aktiv=1 and loeschbar=0;
;
##########################
select speise_id, bezeichnung, aktiv, loeschbar from speise where speise_id=5 and  aktiv=1 and loeschbar=0;
;
##########################
select speise_id, bezeichnung, aktiv, loeschbar from speise where speise_id=6 and  aktiv=1 and loeschbar=0;
;
##########################
select speise_id, bezeichnung, aktiv, loeschbar from speise where speise_id=3 and  aktiv=1 and loeschbar=0;
;
