update speisekomponente 
				    SET `initial_id` = 36, 
					`speisekomponente_hash` = SHA1(36)
					where speisekomponente_id=36;

update speisekomponente 
				    SET `initial_id` = 37, 
					`speisekomponente_hash` = SHA1(37)
					where speisekomponente_id=37;

update speisekomponente 
				    SET `initial_id` = 38, 
					`speisekomponente_hash` = SHA1(38)
					where speisekomponente_id=38;

update speisekomponente 
				    SET `initial_id` = 39, 
					`speisekomponente_hash` = SHA1(39)
					where speisekomponente_id=39;

update lebensmittel set initial_id = lebensmittel_id, lebensmittel_hash = SHA1(lebensmittel_id) order by lebensmittel_id desc limit 1;

update lebensmittel set initial_id = lebensmittel_id, lebensmittel_hash = SHA1(lebensmittel_id) order by lebensmittel_id desc limit 1;

update lebensmittel set initial_id = lebensmittel_id, lebensmittel_hash = SHA1(lebensmittel_id) order by lebensmittel_id desc limit 1;

update lebensmittel set initial_id = lebensmittel_id, lebensmittel_hash = SHA1(lebensmittel_id) order by lebensmittel_id desc limit 1;

update lebensmittel set initial_id = lebensmittel_id, lebensmittel_hash = SHA1(lebensmittel_id) order by lebensmittel_id desc limit 1;

update lebensmittel set initial_id = lebensmittel_id, lebensmittel_hash = SHA1(lebensmittel_id) order by lebensmittel_id desc limit 1;

update lebensmittel set initial_id = lebensmittel_id, lebensmittel_hash = SHA1(lebensmittel_id) order by lebensmittel_id desc limit 1;

